生成启动时间为 2014/7/6 星期日 21:31:57。
     1>项目“D:\快盘\SRTP\LightBulb\LightBulb\LightBulb.vcxproj”在节点 2 上(Build 个目标)。
     1>CustomBuild:
         Moc'ing lightbulb.h...
         Uic'ing lightbulb.ui...
         Rcc'ing lightbulb.qrc...
     1>RCC : warning : No resources in 'D:\蹇洏\SRTP\LightBulb\LightBulb\lightbulb.qrc'.
         
       ClCompile:
         C:\Program Files (x86)\Microsoft Visual Studio 11.0\VC\bin\CL.exe /c /I.\GeneratedFiles /I. /IC:\Qt\Qt5.3.1\5.3\msvc2012_opengl\include /I.\GeneratedFiles\Debug /IC:\Qt\Qt5.3.1\5.3\msvc2012_opengl\include\QtCore /IC:\Qt\Qt5.3.1\5.3\msvc2012_opengl\include\QtGui /IC:\Qt\Qt5.3.1\5.3\msvc2012_opengl\include\QtWidgets /Zi /nologo /W1 /WX- /Od /Oy- /D UNICODE /D WIN32 /D WIN64 /D QT_DLL /D QT_CORE_LIB /D QT_GUI_LIB /D QT_WIDGETS_LIB /Gm- /EHsc /MDd /GS /fp:precise /Zc:wchar_t /Zc:forScope /Fo"Debug\\" /Fd"Debug\vc110.pdb" /Gd /TP /analyze- /errorReport:prompt GeneratedFiles\Debug\moc_lightbulb.cpp lightbulb.cpp main.cpp
         moc_lightbulb.cpp
         lightbulb.cpp
         main.cpp
         正在生成代码...
         C:\Program Files (x86)\Microsoft Visual Studio 11.0\VC\bin\CL.exe /c /I.\GeneratedFiles /I. /IC:\Qt\Qt5.3.1\5.3\msvc2012_opengl\include /I.\GeneratedFiles\Debug /IC:\Qt\Qt5.3.1\5.3\msvc2012_opengl\include\QtCore /IC:\Qt\Qt5.3.1\5.3\msvc2012_opengl\include\QtGui /IC:\Qt\Qt5.3.1\5.3\msvc2012_opengl\include\QtWidgets /Zi /nologo /W1 /WX- /Od /Oy- /D UNICODE /D WIN32 /D WIN64 /D QT_DLL /D QT_CORE_LIB /D QT_GUI_LIB /D QT_WIDGETS_LIB /Gm- /EHsc /MDd /GS /fp:precise /Zc:wchar_t /Zc:forScope /Fo"Debug\\" /Fd"Debug\vc110.pdb" /Gd /TP /analyze- /errorReport:prompt GeneratedFiles\qrc_lightbulb.cpp
         qrc_lightbulb.cpp
       ResourceCompile:
         C:\Program Files (x86)\Windows Kits\8.0\bin\x86\rc.exe /l"0x0409" /nologo /fo"Debug\LightBulb.res" LightBulb.rc 
       Link:
         C:\Program Files (x86)\Microsoft Visual Studio 11.0\VC\bin\link.exe /ERRORREPORT:PROMPT /OUT:"D:\快盘\SRTP\LightBulb\Win32\Debug\\LightBulb.exe" /NOLOGO /LIBPATH:C:\Qt\Qt5.3.1\5.3\msvc2012_opengl\lib qtmaind.lib Qt5Cored.lib Qt5Guid.lib Qt5Widgetsd.lib kernel32.lib user32.lib gdi32.lib winspool.lib comdlg32.lib advapi32.lib shell32.lib ole32.lib oleaut32.lib uuid.lib odbc32.lib odbccp32.lib /MANIFEST /MANIFESTUAC:"level='asInvoker' uiAccess='false'" /manifest:embed /DEBUG /PDB:"D:\快盘\SRTP\LightBulb\Win32\Debug\LightBulb.pdb" /SUBSYSTEM:WINDOWS /TLBID:1 /DYNAMICBASE /NXCOMPAT /IMPLIB:"D:\快盘\SRTP\LightBulb\Win32\Debug\LightBulb.lib" /MACHINE:X86 /SAFESEH Debug\LightBulb.res
         Debug\moc_lightbulb.obj
         Debug\qrc_lightbulb.obj
         Debug\lightbulb.obj
         Debug\main.obj
         LightBulb.vcxproj -> D:\快盘\SRTP\LightBulb\Win32\Debug\LightBulb.exe
     1>已完成生成项目“D:\快盘\SRTP\LightBulb\LightBulb\LightBulb.vcxproj”(Build 个目标)的操作。

生成成功。

已用时间 00:00:07.90
